c:\users\akolo\nsu\cpplabs\sound_processor\lab3\x64\debug\vc143.pdb
c:\users\akolo\nsu\cpplabs\sound_processor\lab3\x64\debug\vc143.idb
c:\users\akolo\nsu\cpplabs\sound_processor\lab3\x64\debug\wav_writer.obj
c:\users\akolo\nsu\cpplabs\sound_processor\lab3\x64\debug\wav_reader.obj
c:\users\akolo\nsu\cpplabs\sound_processor\lab3\x64\debug\volume_audio.obj
c:\users\akolo\nsu\cpplabs\sound_processor\lab3\x64\debug\string_util.obj
c:\users\akolo\nsu\cpplabs\sound_processor\lab3\x64\debug\sound_processor.obj
c:\users\akolo\nsu\cpplabs\sound_processor\lab3\x64\debug\sound_header.obj
c:\users\akolo\nsu\cpplabs\sound_processor\lab3\x64\debug\set_output_file.obj
c:\users\akolo\nsu\cpplabs\sound_processor\lab3\x64\debug\mute.obj
c:\users\akolo\nsu\cpplabs\sound_processor\lab3\x64\debug\mix_flag_safe.obj
c:\users\akolo\nsu\cpplabs\sound_processor\lab3\x64\debug\mix_flag_concate.obj
c:\users\akolo\nsu\cpplabs\sound_processor\lab3\x64\debug\mix.obj
c:\users\akolo\nsu\cpplabs\sound_processor\lab3\x64\debug\load_config.obj
c:\users\akolo\nsu\cpplabs\sound_processor\lab3\x64\debug\lab3.obj
c:\users\akolo\nsu\cpplabs\sound_processor\lab3\x64\debug\init_sound_processor.obj
c:\users\akolo\nsu\cpplabs\sound_processor\lab3\x64\debug\file_reader.obj
c:\users\akolo\nsu\cpplabs\sound_processor\lab3\x64\debug\copy_audio.obj
c:\users\akolo\nsu\cpplabs\sound_processor\lab3\x64\debug\command_help.obj
c:\users\akolo\nsu\cpplabs\sound_processor\lab3\x64\debug\cut_audio.obj
c:\users\akolo\nsu\cpplabs\sound_processor\lab3\x64\debug\concate.obj
c:\users\akolo\nsu\cpplabs\sound_processor\lab3\x64\debug\sound_processor_exception.obj
c:\users\akolo\nsu\cpplabs\sound_processor\lab3\x64\debug\soundp_file_exception.obj
c:\users\akolo\nsu\cpplabs\sound_processor\lab3\x64\debug\soundp_command_exception.obj
c:\users\akolo\nsu\cpplabs\sound_processor\lab3\x64\debug\soundp_command_argument_exception.obj
c:\users\akolo\nsu\cpplabs\sound_processor\lab3\x64\debug\concate_flag_backwards.obj
c:\users\akolo\nsu\cpplabs\sound_processor\lab3\x64\debug\echo.obj
c:\users\akolo\nsu\cpplabs\sound_processor\lab3\sound_processor.exe
c:\users\akolo\nsu\cpplabs\sound_processor\lab3\x64\debug\sound_processor.ilk
c:\users\akolo\nsu\cpplabs\sound_processor\lab3\sound_processor.pdb
c:\users\akolo\nsu\cpplabs\sound_processor\lab3\x64\debug\base_command.obj
c:\users\akolo\nsu\cpplabs\sound_processor\lab3\x64\debug\base_command_with_options.obj
c:\users\akolo\nsu\cpplabs\sound_processor\lab3\x64\debug\command_manager.obj
c:\users\akolo\nsu\cpplabs\sound_processor\lab3\x64\debug\file_writer.obj
c:\users\akolo\nsu\cpplabs\sound_processor\lab3\x64\debug\lab3.ilk
c:\users\akolo\nsu\cpplabs\sound_processor\lab3\x64\debug\.\sound_processor.ilk
c:\users\akolo\nsu\cpplabs\sound_processor\lab3\x64\debug\sound_processor.tlog\cl.command.1.tlog
c:\users\akolo\nsu\cpplabs\sound_processor\lab3\x64\debug\sound_processor.tlog\cl.read.1.tlog
c:\users\akolo\nsu\cpplabs\sound_processor\lab3\x64\debug\sound_processor.tlog\cl.write.1.tlog
c:\users\akolo\nsu\cpplabs\sound_processor\lab3\x64\debug\sound_processor.tlog\link.command.1.tlog
c:\users\akolo\nsu\cpplabs\sound_processor\lab3\x64\debug\sound_processor.tlog\link.read.1.tlog
c:\users\akolo\nsu\cpplabs\sound_processor\lab3\x64\debug\sound_processor.tlog\link.write.1.tlog
